Tue Feb  3 19:14:42 CST 2026
+------------------------------------------------------------------------------------------------+
| npu-smi 24.1.rc3                 Version: 24.1.rc3                                             |
+---------------------------+---------------+----------------------------------------------------+
| NPU   Name                | Health        | Power(W)    Temp(C)           Hugepages-Usage(page)|
| Chip                      | Bus-Id        | AICore(%)   Memory-Usage(MB)  HBM-Usage(MB)        |
+===========================+===============+====================================================+
| 0     910B3               | OK            | 99.7        37                0    / 0             |
| 0                         | 0000:C1:00.0  | 0           0    / 0          5122 / 65536         |
+===========================+===============+====================================================+
| 1     910B3               | OK            | 91.1        36                0    / 0             |
| 0                         | 0000:C2:00.0  | 0           0    / 0          3393 / 65536         |
+===========================+===============+====================================================+
| 2     910B3               | OK            | 91.9        34                0    / 0             |
| 0                         | 0000:81:00.0  | 0           0    / 0          3393 / 65536         |
+===========================+===============+====================================================+
| 3     910B3               | OK            | 94.6        34                0    / 0             |
| 0                         | 0000:82:00.0  | 0           0    / 0          3393 / 65536         |
+===========================+===============+====================================================+
| 4     910B3               | OK            | 100.5       40                0    / 0             |
| 0                         | 0000:01:00.0  | 0           0    / 0          3391 / 65536         |
+===========================+===============+====================================================+
| 5     910B3               | OK            | 95.7        40                0    / 0             |
| 0                         | 0000:02:00.0  | 0           0    / 0          3394 / 65536         |
+===========================+===============+====================================================+
| 6     910B3               | OK            | 97.3        38                0    / 0             |
| 0                         | 0000:41:00.0  | 0           0    / 0          3394 / 65536         |
+===========================+===============+====================================================+
| 7     910B3               | Warning       | 95.5        41                0    / 0             |
| 0                         | 0000:42:00.0  | 0           0    / 0          3394 / 65536         |
+===========================+===============+====================================================+
+---------------------------+---------------+----------------------------------------------------+
| NPU     Chip              | Process id    | Process name             | Process memory(MB)      |
+===========================+===============+====================================================+
| No running processes found in NPU 0                                                            |
+===========================+===============+====================================================+
| No running processes found in NPU 1                                                            |
+===========================+===============+====================================================+
| No running processes found in NPU 2                                                            |
+===========================+===============+====================================================+
| No running processes found in NPU 3                                                            |
+===========================+===============+====================================================+
| No running processes found in NPU 4                                                            |
+===========================+===============+====================================================+
| No running processes found in NPU 5                                                            |
+===========================+===============+====================================================+
| No running processes found in NPU 6                                                            |
+===========================+===============+====================================================+
| No running processes found in NPU 7                                                            |
+===========================+===============+====================================================+
