
CondaError: Run 'conda init' before 'conda activate'

usage: predict_monai.py [-h] [--dataroot DATAROOT] [--name NAME]
                        [--easy_label EASY_LABEL] [--gpu_ids GPU_IDS]
                        [--checkpoints_dir CHECKPOINTS_DIR] [--model MODEL]
                        [--input_nc INPUT_NC] [--output_nc OUTPUT_NC]
                        [--ngf NGF] [--ndf NDF]
                        [--netD {basic,n_layers,pixel,patch,tilestylegan2,stylegan2}]
                        [--netG {resnet_9blocks,resnet_6blocks,unet_256,unet_128,stylegan2,smallstylegan2,resnet_cat}]
                        [--n_layers_D N_LAYERS_D]
                        [--normG {instance,batch,none}]
                        [--normD {instance,batch,none}]
                        [--init_type {normal,xavier,kaiming,orthogonal}]
                        [--init_gain INIT_GAIN] [--no_dropout [NO_DROPOUT]]
                        [--no_antialias] [--no_antialias_up]
                        [--dataset_mode DATASET_MODE] [--direction DIRECTION]
                        [--serial_batches] [--num_threads NUM_THREADS]
                        [--batch_size BATCH_SIZE] [--load_size LOAD_SIZE]
                        [--crop_size CROP_SIZE]
                        [--max_dataset_size MAX_DATASET_SIZE]
                        [--preprocess PREPROCESS] [--no_flip]
                        [--display_winsize DISPLAY_WINSIZE]
                        [--random_scale_max RANDOM_SCALE_MAX] [--epoch EPOCH]
                        [--verbose] [--suffix SUFFIX]
                        [--stylegan2_G_num_downsampling STYLEGAN2_G_NUM_DOWNSAMPLING]
                        [--results_dir RESULTS_DIR] [--phase PHASE] [--eval]
                        [--num_test NUM_TEST]
predict_monai.py: error: argument --results_dir: expected one argument
