----------------- Options ---------------
                 CUT_mode: CUT                           
               batch_size: 16                            	[default: 1]
          checkpoints_dir: ./checkpoints                 
                crop_size: 256                           
                 dataroot: /public_bme2/bme-wangqian2/songhy2024/data/PVWMI/T1w/k2E-PHILIPS-INGENIA-3.0T/	[default: placeholder]
             dataset_mode: monai                         	[default: unaligned]
                direction: AtoB                          
          display_winsize: 256                           
               easy_label: experiment_name               
                    epoch: latest                        
                     eval: False                         
        flip_equivariance: False                         
                  gpu_ids: 0                             
                init_gain: 0.02                          
                init_type: xavier                        
                 input_nc: 1                             	[default: 3]
                  isTrain: False                         	[default: None]
               lambda_GAN: 1.0                           
               lambda_NCE: 1.0                           
                load_size: 256                           
         max_dataset_size: inf                           
                    model: cut                           
               n_layers_D: 3                             
                     name: CUT_monai_K2E2                	[default: experiment_name]
                    nce_T: 0.07                          
                  nce_idt: True                          
nce_includes_all_negatives_from_minibatch: False                         
               nce_layers: 0,4,8,12,16                   
                      ndf: 64                            
                     netD: basic                         
                     netF: mlp_sample                    
                  netF_nc: 256                           
                     netG: resnet_9blocks                
                      ngf: 96                            	[default: 64]
             no_antialias: False                         
          no_antialias_up: False                         
               no_dropout: True                          
                  no_flip: True                          	[default: False]
                    normD: instance                      
                    normG: instance                      
              num_patches: 256                           
                 num_test: 50                            
              num_threads: 4                             
                output_nc: 1                             	[default: 3]
                    phase: test                          
                pool_size: 0                             
               preprocess: scale_width_and_crop          	[default: resize_and_crop]
         random_scale_max: 3.0                           
              results_dir: /public_bme2/bme-wangqian2/songhy2024/data/PVWMI/T1w/k2E-PHILIPS-INGENIA-3.0T/K2E2_pred/	[default: ./results/]
           serial_batches: False                         
stylegan2_G_num_downsampling: 1                             
                   suffix:                               
                  verbose: False                         
----------------- End -------------------

===== Predicting phase: test =====
Found 18 volumes for phase 'test' (set as num_test)
model [CUTModel] was created
loading the model from ./checkpoints/CUT_monai_K2E2/latest_net_G.pth
---------- Networks initialized -------------
[Network G] Total number of parameters : 25.564 M
-----------------------------------------------
Output directory: /public_bme2/bme-wangqian2/songhy2024/data/PVWMI/T1w/k2E-PHILIPS-INGENIA-3.0T/K2E2_pred/CUT_monai_K2E2/test_latest
Processing 18 volumes from domain A
Found 17 volumes in target domain B

Processing volume 1/18: K_010_t1_skullstripped.nii.gz
  Processed volume 'K_010_t1_skullstripped.nii.gz' to 148 slices.
  Volume shape after processing: torch.Size([256, 256, 148])
  processed image: torch.Size([1, 256, 256, 148])
  processed_slices[0] shape: torch.Size([256, 256])
